<?xml version="1.0" encoding="UTF-8"?>
<testng-results ignored="0" total="1" passed="1" failed="0" skipped="0">
  <reporter-output>
  </reporter-output>
  <suite started-at="2021-11-22T22:38:43 IST" name="Surefire suite" finished-at="2021-11-22T22:38:44 IST" duration-ms="974">
    <groups>
    </groups>
    <test started-at="2021-11-22T22:38:43 IST" name="Surefire test" finished-at="2021-11-22T22:38:44 IST" duration-ms="974">
      <class name="com.fooddel.Services.CustomerServiceTest">
        <test-method signature="testGetCustomer()" started-at="2021-11-22T22:38:43 IST" name="testGetCustomer" finished-at="2021-11-22T22:38:44 IST" duration-ms="731" status="PASS">
          <reporter-output>
          </reporter-output>
        </test-method> <!-- testGetCustomer -->
      </class> <!-- com.fooddel.Services.CustomerServiceTest -->
    </test> <!-- Surefire test -->
  </suite> <!-- Surefire suite -->
</testng-results>
